2020-08-17 17:50:06,201 INFO org.springframework.boot.StartupInfoLogger [restartedMain] Starting SnapGramSpringApplication on Brian with PID 18052 (C:\Users\brian\eclipse-workspace\SnapGram\New folder (2)\SnapGram\target\classes started by brian in C:\Users\brian\eclipse-workspace\SnapGram\New folder (2)\SnapGram)
2020-08-17 17:50:06,203 INFO org.springframework.boot.SpringApplication [restartedMain] No active profile set, falling back to default profiles: default
2020-08-17 17:50:06,425 INFO org.springframework.data.repository.config.RepositoryConfigurationDelegate [restartedMain] Bootstrapping Spring Data JPA repositories in DEFAULT mode.
2020-08-17 17:50:06,442 INFO org.springframework.data.repository.config.RepositoryConfigurationDelegate [restartedMain] Finished Spring Data repository scanning in 16ms. Found 3 JPA repository interfaces.
2020-08-17 17:50:06,782 INFO org.springframework.boot.web.embedded.tomcat.TomcatWebServer [restartedMain] Tomcat initialized with port(s): 8080 (http)
2020-08-17 17:50:06,783 INFO org.apache.juli.logging.DirectJDKLog [restartedMain] Starting service [Tomcat]
2020-08-17 17:50:06,783 INFO org.apache.juli.logging.DirectJDKLog [restartedMain] Starting Servlet engine: [Apache Tomcat/9.0.37]
2020-08-17 17:50:06,825 INFO org.apache.juli.logging.DirectJDKLog [restartedMain] Initializing Spring embedded WebApplicationContext
2020-08-17 17:50:06,825 INFO org.springframework.boot.web.servlet.context.ServletWebServerApplicationContext [restartedMain] Root WebApplicationContext: initialization completed in 616 ms
2020-08-17 17:50:06,860 INFO com.zaxxer.hikari.HikariDataSource [restartedMain] HikariPool-3 - Starting...
2020-08-17 17:50:07,101 INFO com.zaxxer.hikari.HikariDataSource [restartedMain] HikariPool-3 - Start completed.
2020-08-17 17:50:07,107 INFO org.hibernate.jpa.internal.util.LogHelper [restartedMain] HHH000204: Processing PersistenceUnitInfo [name: default]
2020-08-17 17:50:07,115 INFO org.hibernate.dialect.Dialect [restartedMain] HHH000400: Using dialect: org.hibernate.dialect.MariaDB103Dialect
2020-08-17 17:50:07,226 INFO org.hibernate.engine.transaction.jta.platform.internal.JtaPlatformInitiator [restartedMain] HHH000490: Using JtaPlatform implementation: [org.hibernate.engine.transaction.jta.platform.internal.NoJtaPlatform]
2020-08-17 17:50:07,226 INFO org.springframework.orm.jpa.AbstractEntityManagerFactoryBean [restartedMain] Initialized JPA EntityManagerFactory for persistence unit 'default'
2020-08-17 17:50:07,337 WARN org.springframework.boot.autoconfigure.orm.jpa.JpaBaseConfiguration$JpaWebConfiguration [restartedMain] spring.jpa.open-in-view is enabled by default. Therefore, database queries may be performed during view rendering. Explicitly configure spring.jpa.open-in-view to disable this warning
2020-08-17 17:50:07,376 INFO org.springframework.scheduling.concurrent.ExecutorConfigurationSupport [restartedMain] Initializing ExecutorService 'applicationTaskExecutor'
2020-08-17 17:50:07,451 INFO org.springframework.boot.devtools.autoconfigure.OptionalLiveReloadServer [restartedMain] LiveReload server is running on port 35729
2020-08-17 17:50:07,461 INFO org.springframework.boot.web.embedded.tomcat.TomcatWebServer [restartedMain] Tomcat started on port(s): 8080 (http) with context path ''
2020-08-17 17:50:07,465 INFO org.springframework.boot.StartupInfoLogger [restartedMain] Started SnapGramSpringApplication in 1.402 seconds (JVM running for 431.953)
2020-08-17 17:50:07,466 INFO org.springframework.boot.devtools.autoconfigure.ConditionEvaluationDeltaLoggingListener [restartedMain] Condition evaluation unchanged
2020-08-17 17:50:07,466 INFO dev.snapgram.app.SnapGramSpringApplication [restartedMain] SnapGram application started successfully.
2020-08-17 17:51:10,289 INFO org.apache.juli.logging.DirectJDKLog [http-nio-8080-exec-2] Initializing Spring DispatcherServlet 'dispatcherServlet'
2020-08-17 17:51:10,290 INFO org.springframework.web.servlet.FrameworkServlet [http-nio-8080-exec-2] Initializing Servlet 'dispatcherServlet'
2020-08-17 17:51:10,296 INFO org.springframework.web.servlet.FrameworkServlet [http-nio-8080-exec-2] Completed initialization in 5 ms
2020-08-17 17:51:10,301 INFO dev.snapgram.aspects.LoggingAspect [http-nio-8080-exec-2] Total HTTP calls: 1
2020-08-17 17:51:11,388 INFO dev.snapgram.aspects.LoggingAspect [http-nio-8080-exec-3] Total HTTP calls: 2
2020-08-17 17:51:12,333 INFO dev.snapgram.aspects.LoggingAspect [http-nio-8080-exec-4] Total HTTP calls: 3
